This file contains any messages produced by compilers while
running configure, to aid debugging if configure makes a mistake.

It was created by strace configure 4.11, which was
generated by GNU Autoconf 2.69.  Invocation command line was

  $ ./configure 

## --------- ##
## Platform. ##
## --------- ##

hostname = dhcp247.fsl.cs.sunysb.edu
uname -m = x86_64
uname -r = 3.13.0-32-generic
uname -s = Linux
uname -v = #57-Ubuntu SMP Tue Jul 15 03:51:08 UTC 2014

/usr/bin/uname -p = unknown
/bin/uname -X     = unknown

/bin/arch              = unknown
/usr/bin/arch -k       = unknown
/usr/convex/getsysinfo = unknown
/usr/bin/hostinfo      = unknown
/bin/machine           = unknown
/usr/bin/oslevel       = unknown
/bin/universe          = unknown

PATH: /home/ubuntu/perl5/bin
PATH: /usr/local/sbin
PATH: /usr/local/bin
PATH: /usr/sbin
PATH: /usr/bin
PATH: /sbin
PATH: /bin
PATH: /usr/games
PATH: /usr/local/games


## ----------- ##
## Core tests. ##
## ----------- ##

configure:2619: checking for a BSD-compatible install
configure:2687: result: /usr/bin/install -c
configure:2698: checking whether build environment is sane
configure:2753: result: yes
configure:2904: checking for a thread-safe mkdir -p
configure:2943: result: /bin/mkdir -p
configure:2950: checking for gawk
configure:2966: found /usr/bin/gawk
configure:2977: result: gawk
configure:2988: checking whether make sets $(MAKE)
configure:3010: result: yes
configure:3039: checking whether make supports nested variables
configure:3056: result: yes
configure:3182: checking whether to enable maintainer-specific portions of Makefiles
configure:3191: result: no
configure:3208: checking build system type
configure:3222: result: x86_64-pc-linux-gnu
configure:3242: checking host system type
configure:3255: result: x86_64-pc-linux-gnu
configure:3324: checking for gcc
configure:3340: found /usr/bin/gcc
configure:3351: result: gcc
configure:3580: checking for C compiler version
configure:3589: gcc --version >&5
gcc (Ubuntu 4.8.4-2ubuntu1~14.04) 4.8.4
Copyright (C) 2013 Free Software Foundation, Inc.
This is free software; see the source for copying conditions.  There is NO
warranty; not even for MERCHANTABILITY or FITNESS FOR A PARTICULAR PURPOSE.

configure:3600: $? = 0
configure:3589: gcc -v >&5
Using built-in specs.
COLLECT_GCC=gcc
COLLECT_LTO_WRAPPER=/usr/lib/gcc/x86_64-linux-gnu/4.8/lto-wrapper
Target: x86_64-linux-gnu
Configured with: ../src/configure -v --with-pkgversion='Ubuntu 4.8.4-2ubuntu1~14.04' --with-bugurl=file:///usr/share/doc/gcc-4.8/README.Bugs --enable-languages=c,c++,java,go,d,fortran,objc,obj-c++ --prefix=/usr --program-suffix=-4.8 --enable-shared --enable-linker-build-id --libexecdir=/usr/lib --without-included-gettext --enable-threads=posix --with-gxx-include-dir=/usr/include/c++/4.8 --libdir=/usr/lib --enable-nls --with-sysroot=/ --enable-clocale=gnu --enable-libstdcxx-debug --enable-libstdcxx-time=yes --enable-gnu-unique-object --disable-libmudflap --enable-plugin --with-system-zlib --disable-browser-plugin --enable-java-awt=gtk --enable-gtk-cairo --with-java-home=/usr/lib/jvm/java-1.5.0-gcj-4.8-amd64/jre --enable-java-home --with-jvm-root-dir=/usr/lib/jvm/java-1.5.0-gcj-4.8-amd64 --with-jvm-jar-dir=/usr/lib/jvm-exports/java-1.5.0-gcj-4.8-amd64 --with-arch-directory=amd64 --with-ecj-jar=/usr/share/java/eclipse-ecj.jar --enable-objc-gc --enable-multiarch --disable-werror --with-arch-32=i686 --with-abi=m64 --with-multilib-list=m32,m64,mx32 --with-tune=generic --enable-checking=release --build=x86_64-linux-gnu --host=x86_64-linux-gnu --target=x86_64-linux-gnu
Thread model: posix
gcc version 4.8.4 (Ubuntu 4.8.4-2ubuntu1~14.04) 
configure:3600: $? = 0
configure:3589: gcc -V >&5
gcc: error: unrecognized command line option '-V'
gcc: fatal error: no input files
compilation terminated.
configure:3600: $? = 4
configure:3589: gcc -qversion >&5
gcc: error: unrecognized command line option '-qversion'
gcc: fatal error: no input files
compilation terminated.
configure:3600: $? = 4
configure:3620: checking whether the C compiler works
configure:3642: gcc    conftest.c  >&5
configure:3646: $? = 0
configure:3694: result: yes
configure:3697: checking for C compiler default output file name
configure:3699: result: a.out
configure:3705: checking for suffix of executables
configure:3712: gcc -o conftest    conftest.c  >&5
configure:3716: $? = 0
configure:3738: result: 
configure:3760: checking whether we are cross compiling
configure:3768: gcc -o conftest    conftest.c  >&5
configure:3772: $? = 0
configure:3779: ./conftest
configure:3783: $? = 0
configure:3798: result: no
configure:3803: checking for suffix of object files
configure:3825: gcc -c   conftest.c >&5
configure:3829: $? = 0
configure:3850: result: o
configure:3854: checking whether we are using the GNU C compiler
configure:3873: gcc -c   conftest.c >&5
configure:3873: $? = 0
configure:3882: result: yes
configure:3891: checking whether gcc accepts -g
configure:3911: gcc -c -g  conftest.c >&5
configure:3911: $? = 0
configure:3952: result: yes
configure:3969: checking for gcc option to accept ISO C89
configure:4032: gcc  -c -g -O2  conftest.c >&5
configure:4032: $? = 0
configure:4045: result: none needed
configure:4070: checking whether gcc understands -c and -o together
configure:4092: gcc -c conftest.c -o conftest2.o
configure:4095: $? = 0
configure:4092: gcc -c conftest.c -o conftest2.o
configure:4095: $? = 0
configure:4107: result: yes
configure:4135: checking for style of include used by make
configure:4163: result: GNU
configure:4189: checking dependency style of gcc
configure:4300: result: gcc3
configure:4320: checking how to run the C preprocessor
configure:4351: gcc -E  conftest.c
configure:4351: $? = 0
configure:4365: gcc -E  conftest.c
conftest.c:11:28: fatal error: ac_nonexistent.h: No such file or directory
 #include <ac_nonexistent.h>
                            ^
compilation terminated.
configure:4365: $? = 1
configure: failed program was:
| /* confdefs.h */
| #define PACKAGE_NAME "strace"
| #define PACKAGE_TARNAME "strace"
| #define PACKAGE_VERSION "4.11"
| #define PACKAGE_STRING "strace 4.11"
| #define PACKAGE_BUGREPORT "strace-devel@lists.sourceforge.net"
| #define PACKAGE_URL ""
| #define PACKAGE "strace"
| #define VERSION "4.11"
| /* end confdefs.h.  */
| #include <ac_nonexistent.h>
configure:4390: result: gcc -E
configure:4410: gcc -E  conftest.c
configure:4410: $? = 0
configure:4424: gcc -E  conftest.c
conftest.c:11:28: fatal error: ac_nonexistent.h: No such file or directory
 #include <ac_nonexistent.h>
                            ^
compilation terminated.
configure:4424: $? = 1
configure: failed program was:
| /* confdefs.h */
| #define PACKAGE_NAME "strace"
| #define PACKAGE_TARNAME "strace"
| #define PACKAGE_VERSION "4.11"
| #define PACKAGE_STRING "strace 4.11"
| #define PACKAGE_BUGREPORT "strace-devel@lists.sourceforge.net"
| #define PACKAGE_URL ""
| #define PACKAGE "strace"
| #define VERSION "4.11"
| /* end confdefs.h.  */
| #include <ac_nonexistent.h>
configure:4508: checking for gcc
configure:4524: found /usr/bin/gcc
configure:4535: result: gcc
configure:4764: checking for C compiler version
configure:4773: gcc --version >&5
gcc (Ubuntu 4.8.4-2ubuntu1~14.04) 4.8.4
Copyright (C) 2013 Free Software Foundation, Inc.
This is free software; see the source for copying conditions.  There is NO
warranty; not even for MERCHANTABILITY or FITNESS FOR A PARTICULAR PURPOSE.

configure:4784: $? = 0
configure:4773: gcc -v >&5
Using built-in specs.
COLLECT_GCC=gcc
COLLECT_LTO_WRAPPER=/usr/lib/gcc/x86_64-linux-gnu/4.8/lto-wrapper
Target: x86_64-linux-gnu
Configured with: ../src/configure -v --with-pkgversion='Ubuntu 4.8.4-2ubuntu1~14.04' --with-bugurl=file:///usr/share/doc/gcc-4.8/README.Bugs --enable-languages=c,c++,java,go,d,fortran,objc,obj-c++ --prefix=/usr --program-suffix=-4.8 --enable-shared --enable-linker-build-id --libexecdir=/usr/lib --without-included-gettext --enable-threads=posix --with-gxx-include-dir=/usr/include/c++/4.8 --libdir=/usr/lib --enable-nls --with-sysroot=/ --enable-clocale=gnu --enable-libstdcxx-debug --enable-libstdcxx-time=yes --enable-gnu-unique-object --disable-libmudflap --enable-plugin --with-system-zlib --disable-browser-plugin --enable-java-awt=gtk --enable-gtk-cairo --with-java-home=/usr/lib/jvm/java-1.5.0-gcj-4.8-amd64/jre --enable-java-home --with-jvm-root-dir=/usr/lib/jvm/java-1.5.0-gcj-4.8-amd64 --with-jvm-jar-dir=/usr/lib/jvm-exports/java-1.5.0-gcj-4.8-amd64 --with-arch-directory=amd64 --with-ecj-jar=/usr/share/java/eclipse-ecj.jar --enable-objc-gc --enable-multiarch --disable-werror --with-arch-32=i686 --with-abi=m64 --with-multilib-list=m32,m64,mx32 --with-tune=generic --enable-checking=release --build=x86_64-linux-gnu --host=x86_64-linux-gnu --target=x86_64-linux-gnu
Thread model: posix
gcc version 4.8.4 (Ubuntu 4.8.4-2ubuntu1~14.04) 
configure:4784: $? = 0
configure:4773: gcc -V >&5
gcc: error: unrecognized command line option '-V'
gcc: fatal error: no input files
compilation terminated.
configure:4784: $? = 4
configure:4773: gcc -qversion >&5
gcc: error: unrecognized command line option '-qversion'
gcc: fatal error: no input files
compilation terminated.
configure:4784: $? = 4
configure:4788: checking whether we are using the GNU C compiler
configure:4816: result: yes
configure:4825: checking whether gcc accepts -g
configure:4845: gcc -c -g -O2  conftest.c >&5
configure:4845: $? = 0
configure:4886: result: yes
configure:4903: checking for gcc option to accept ISO C89
configure:4979: result: none needed
configure:5004: checking whether gcc understands -c and -o together
configure:5041: result: yes
configure:5060: checking dependency style of gcc
configure:5171: result: gcc3
configure:5191: checking how to run the C preprocessor
configure:5222: gcc -E  conftest.c
configure:5222: $? = 0
configure:5236: gcc -E  conftest.c
conftest.c:11:28: fatal error: ac_nonexistent.h: No such file or directory
 #include <ac_nonexistent.h>
                            ^
compilation terminated.
configure:5236: $? = 1
configure: failed program was:
| /* confdefs.h */
| #define PACKAGE_NAME "strace"
| #define PACKAGE_TARNAME "strace"
| #define PACKAGE_VERSION "4.11"
| #define PACKAGE_STRING "strace 4.11"
| #define PACKAGE_BUGREPORT "strace-devel@lists.sourceforge.net"
| #define PACKAGE_URL ""
| #define PACKAGE "strace"
| #define VERSION "4.11"
| /* end confdefs.h.  */
| #include <ac_nonexistent.h>
configure:5261: result: gcc -E
configure:5281: gcc -E  conftest.c
configure:5281: $? = 0
configure:5295: gcc -E  conftest.c
conftest.c:11:28: fatal error: ac_nonexistent.h: No such file or directory
 #include <ac_nonexistent.h>
                            ^
compilation terminated.
configure:5295: $? = 1
configure: failed program was:
| /* confdefs.h */
| #define PACKAGE_NAME "strace"
| #define PACKAGE_TARNAME "strace"
| #define PACKAGE_VERSION "4.11"
| #define PACKAGE_STRING "strace 4.11"
| #define PACKAGE_BUGREPORT "strace-devel@lists.sourceforge.net"
| #define PACKAGE_URL ""
| #define PACKAGE "strace"
| #define VERSION "4.11"
| /* end confdefs.h.  */
| #include <ac_nonexistent.h>
configure:5334: checking for grep that handles long lines and -e
configure:5392: result: /bin/grep
configure:5397: checking for egrep
configure:5459: result: /bin/grep -E
configure:5464: checking for ANSI C header files
configure:5484: gcc -c -g -O2  conftest.c >&5
configure:5484: $? = 0
configure:5557: gcc -o conftest -g -O2   conftest.c  >&5
configure:5557: $? = 0
configure:5557: ./conftest
configure:5557: $? = 0
configure:5568: result: yes
configure:5581: checking for sys/types.h
configure:5581: gcc -c -g -O2  conftest.c >&5
configure:5581: $? = 0
configure:5581: result: yes
configure:5581: checking for sys/stat.h
configure:5581: gcc -c -g -O2  conftest.c >&5
configure:5581: $? = 0
configure:5581: result: yes
configure:5581: checking for stdlib.h
configure:5581: gcc -c -g -O2  conftest.c >&5
configure:5581: $? = 0
configure:5581: result: yes
configure:5581: checking for string.h
configure:5581: gcc -c -g -O2  conftest.c >&5
configure:5581: $? = 0
configure:5581: result: yes
configure:5581: checking for memory.h
configure:5581: gcc -c -g -O2  conftest.c >&5
configure:5581: $? = 0
configure:5581: result: yes
configure:5581: checking for strings.h
configure:5581: gcc -c -g -O2  conftest.c >&5
configure:5581: $? = 0
configure:5581: result: yes
configure:5581: checking for inttypes.h
configure:5581: gcc -c -g -O2  conftest.c >&5
configure:5581: $? = 0
configure:5581: result: yes
configure:5581: checking for stdint.h
configure:5581: gcc -c -g -O2  conftest.c >&5
configure:5581: $? = 0
configure:5581: result: yes
configure:5581: checking for unistd.h
configure:5581: gcc -c -g -O2  conftest.c >&5
configure:5581: $? = 0
configure:5581: result: yes
configure:5594: checking minix/config.h usability
configure:5594: gcc -c -g -O2  conftest.c >&5
conftest.c:54:26: fatal error: minix/config.h: No such file or directory
 #include <minix/config.h>
                          ^
compilation terminated.
configure:5594: $? = 1
configure: failed program was:
| /* confdefs.h */
| #define PACKAGE_NAME "strace"
| #define PACKAGE_TARNAME "strace"
| #define PACKAGE_VERSION "4.11"
| #define PACKAGE_STRING "strace 4.11"
| #define PACKAGE_BUGREPORT "strace-devel@lists.sourceforge.net"
| #define PACKAGE_URL ""
| #define PACKAGE "strace"
| #define VERSION "4.11"
| #define STDC_HEADERS 1
| #define HAVE_SYS_TYPES_H 1
| #define HAVE_SYS_STAT_H 1
| #define HAVE_STDLIB_H 1
| #define HAVE_STRING_H 1
| #define HAVE_MEMORY_H 1
| #define HAVE_STRINGS_H 1
| #define HAVE_INTTYPES_H 1
| #define HAVE_STDINT_H 1
| #define HAVE_UNISTD_H 1
| /* end confdefs.h.  */
| #include <stdio.h>
| #ifdef HAVE_SYS_TYPES_H
| # include <sys/types.h>
| #endif
| #ifdef HAVE_SYS_STAT_H
| # include <sys/stat.h>
| #endif
| #ifdef STDC_HEADERS
| # include <stdlib.h>
| # include <stddef.h>
| #else
| # ifdef HAVE_STDLIB_H
| #  include <stdlib.h>
| # endif
| #endif
| #ifdef HAVE_STRING_H
| # if !defined STDC_HEADERS && defined HAVE_MEMORY_H
| #  include <memory.h>
| # endif
| # include <string.h>
| #endif
| #ifdef HAVE_STRINGS_H
| # include <strings.h>
| #endif
| #ifdef HAVE_INTTYPES_H
| # include <inttypes.h>
| #endif
| #ifdef HAVE_STDINT_H
| # include <stdint.h>
| #endif
| #ifdef HAVE_UNISTD_H
| # include <unistd.h>
| #endif
| #include <minix/config.h>
configure:5594: result: no
configure:5594: checking minix/config.h presence
configure:5594: gcc -E  conftest.c
conftest.c:21:26: fatal error: minix/config.h: No such file or directory
 #include <minix/config.h>
                          ^
compilation terminated.
configure:5594: $? = 1
configure: failed program was:
| /* confdefs.h */
| #define PACKAGE_NAME "strace"
| #define PACKAGE_TARNAME "strace"
| #define PACKAGE_VERSION "4.11"
| #define PACKAGE_STRING "strace 4.11"
| #define PACKAGE_BUGREPORT "strace-devel@lists.sourceforge.net"
| #define PACKAGE_URL ""
| #define PACKAGE "strace"
| #define VERSION "4.11"
| #define STDC_HEADERS 1
| #define HAVE_SYS_TYPES_H 1
| #define HAVE_SYS_STAT_H 1
| #define HAVE_STDLIB_H 1
| #define HAVE_STRING_H 1
| #define HAVE_MEMORY_H 1
| #define HAVE_STRINGS_H 1
| #define HAVE_INTTYPES_H 1
| #define HAVE_STDINT_H 1
| #define HAVE_UNISTD_H 1
| /* end confdefs.h.  */
| #include <minix/config.h>
configure:5594: result: no
configure:5594: checking for minix/config.h
configure:5594: result: no
configure:5615: checking whether it is safe to define __EXTENSIONS__
configure:5633: gcc -c -g -O2  conftest.c >&5
configure:5633: $? = 0
configure:5640: result: yes
configure:5697: checking for ranlib
configure:5713: found /usr/bin/ranlib
configure:5724: result: ranlib
configure:5747: checking for supported architecture
configure:5907: gcc -c -g -O2  conftest.c >&5
conftest.c:27:3: error: #error not x32
 # error not x32
   ^
configure:5907: $? = 1
configure: failed program was:
| /* confdefs.h */
| #define PACKAGE_NAME "strace"
| #define PACKAGE_TARNAME "strace"
| #define PACKAGE_VERSION "4.11"
| #define PACKAGE_STRING "strace 4.11"
| #define PACKAGE_BUGREPORT "strace-devel@lists.sourceforge.net"
| #define PACKAGE_URL ""
| #define PACKAGE "strace"
| #define VERSION "4.11"
| #define STDC_HEADERS 1
| #define HAVE_SYS_TYPES_H 1
| #define HAVE_SYS_STAT_H 1
| #define HAVE_STDLIB_H 1
| #define HAVE_STRING_H 1
| #define HAVE_MEMORY_H 1
| #define HAVE_STRINGS_H 1
| #define HAVE_INTTYPES_H 1
| #define HAVE_STDINT_H 1
| #define HAVE_UNISTD_H 1
| #define __EXTENSIONS__ 1
| #define _ALL_SOURCE 1
| #define _GNU_SOURCE 1
| #define _POSIX_PTHREAD_SEMANTICS 1
| #define _TANDEM_SOURCE 1
| /* end confdefs.h.  */
| #ifndef __ILP32__
| # error not x32
| #endif
| int
| main ()
| {
| 
|   ;
|   return 0;
| }
configure:5975: result: x86_64
configure:6092: checking whether C compiler handles -Werror -Wunknown-warning-option
configure:6111: gcc -o conftest -g -O2  -Werror -Wunknown-warning-option   conftest.c  >&5
gcc: error: unrecognized command line option '-Wunknown-warning-option'
configure:6111: $? = 1
configure: failed program was:
| /* confdefs.h */
| #define PACKAGE_NAME "strace"
| #define PACKAGE_TARNAME "strace"
| #define PACKAGE_VERSION "4.11"
| #define PACKAGE_STRING "strace 4.11"
| #define PACKAGE_BUGREPORT "strace-devel@lists.sourceforge.net"
| #define PACKAGE_URL ""
| #define PACKAGE "strace"
| #define VERSION "4.11"
| #define STDC_HEADERS 1
| #define HAVE_SYS_TYPES_H 1
| #define HAVE_SYS_STAT_H 1
| #define HAVE_STDLIB_H 1
| #define HAVE_STRING_H 1
| #define HAVE_MEMORY_H 1
| #define HAVE_STRINGS_H 1
| #define HAVE_INTTYPES_H 1
| #define HAVE_STDINT_H 1
| #define HAVE_UNISTD_H 1
| #define __EXTENSIONS__ 1
| #define _ALL_SOURCE 1
| #define _GNU_SOURCE 1
| #define _POSIX_PTHREAD_SEMANTICS 1
| #define _TANDEM_SOURCE 1
| #define X86_64 1
| #define ENABLE_ARM_OABI 0
| /* end confdefs.h.  */
| 
| int
| main ()
| {
| 
|   ;
|   return 0;
| }
configure:6121: result: no
configure:6130: checking whether C compiler handles -Wall
configure:6149: gcc -o conftest -g -O2  -Wall   conftest.c  >&5
configure:6149: $? = 0
configure:6159: result: yes
configure:6167: checking whether C compiler handles -Wwrite-strings
configure:6186: gcc -o conftest -g -O2  -Wwrite-strings   conftest.c  >&5
configure:6186: $? = 0
configure:6196: result: yes
configure:6204: checking whether C compiler handles -Wsign-compare
configure:6223: gcc -o conftest -g -O2  -Wsign-compare   conftest.c  >&5
configure:6223: $? = 0
configure:6233: result: yes
configure:6293: checking how to run the C preprocessor
configure:6363: result: gcc -E
configure:6383: gcc -E  conftest.c
configure:6383: $? = 0
configure:6397: gcc -E  conftest.c
conftest.c:28:28: fatal error: ac_nonexistent.h: No such file or directory
 #include <ac_nonexistent.h>
                            ^
compilation terminated.
configure:6397: $? = 1
configure: failed program was:
| /* confdefs.h */
| #define PACKAGE_NAME "strace"
| #define PACKAGE_TARNAME "strace"
| #define PACKAGE_VERSION "4.11"
| #define PACKAGE_STRING "strace 4.11"
| #define PACKAGE_BUGREPORT "strace-devel@lists.sourceforge.net"
| #define PACKAGE_URL ""
| #define PACKAGE "strace"
| #define VERSION "4.11"
| #define STDC_HEADERS 1
| #define HAVE_SYS_TYPES_H 1
| #define HAVE_SYS_STAT_H 1
| #define HAVE_STDLIB_H 1
| #define HAVE_STRING_H 1
| #define HAVE_MEMORY_H 1
| #define HAVE_STRINGS_H 1
| #define HAVE_INTTYPES_H 1
| #define HAVE_STDINT_H 1
| #define HAVE_UNISTD_H 1
| #define __EXTENSIONS__ 1
| #define _ALL_SOURCE 1
| #define _GNU_SOURCE 1
| #define _POSIX_PTHREAD_SEMANTICS 1
| #define _TANDEM_SOURCE 1
| #define X86_64 1
| #define ENABLE_ARM_OABI 0
| /* end confdefs.h.  */
| #include <ac_nonexistent.h>
configure:6426: checking for an ANSI C-conforming const
configure:6492: gcc -c -g -O2  conftest.c >&5
configure:6492: $? = 0
configure:6499: result: yes
configure:6507: checking whether byte ordering is bigendian
configure:6522: gcc -c -g -O2  conftest.c >&5
conftest.c:29:9: error: unknown type name 'not'
         not a universal capable compiler
         ^
conftest.c:29:15: error: expected '=', ',', ';', 'asm' or '__attribute__' before 'universal'
         not a universal capable compiler
               ^
conftest.c:29:15: error: unknown type name 'universal'
configure:6522: $? = 1
configure: failed program was:
| /* confdefs.h */
| #define PACKAGE_NAME "strace"
| #define PACKAGE_TARNAME "strace"
| #define PACKAGE_VERSION "4.11"
| #define PACKAGE_STRING "strace 4.11"
| #define PACKAGE_BUGREPORT "strace-devel@lists.sourceforge.net"
| #define PACKAGE_URL ""
| #define PACKAGE "strace"
| #define VERSION "4.11"
| #define STDC_HEADERS 1
| #define HAVE_SYS_TYPES_H 1
| #define HAVE_SYS_STAT_H 1
| #define HAVE_STDLIB_H 1
| #define HAVE_STRING_H 1
| #define HAVE_MEMORY_H 1
| #define HAVE_STRINGS_H 1
| #define HAVE_INTTYPES_H 1
| #define HAVE_STDINT_H 1
| #define HAVE_UNISTD_H 1
| #define __EXTENSIONS__ 1
| #define _ALL_SOURCE 1
| #define _GNU_SOURCE 1
| #define _POSIX_PTHREAD_SEMANTICS 1
| #define _TANDEM_SOURCE 1
| #define X86_64 1
| #define ENABLE_ARM_OABI 0
| /* end confdefs.h.  */
| #ifndef __APPLE_CC__
| 	       not a universal capable compiler
| 	     #endif
| 	     typedef int dummy;
| 
configure:6567: gcc -c -g -O2  conftest.c >&5
configure:6567: $? = 0
configure:6585: gcc -c -g -O2  conftest.c >&5
conftest.c: In function 'main':
conftest.c:35:4: error: unknown type name 'not'
    not big endian
    ^
conftest.c:35:12: error: expected '=', ',', ';', 'asm' or '__attribute__' before 'endian'
    not big endian
            ^
configure:6585: $? = 1
configure: failed program was:
| /* confdefs.h */
| #define PACKAGE_NAME "strace"
| #define PACKAGE_TARNAME "strace"
| #define PACKAGE_VERSION "4.11"
| #define PACKAGE_STRING "strace 4.11"
| #define PACKAGE_BUGREPORT "strace-devel@lists.sourceforge.net"
| #define PACKAGE_URL ""
| #define PACKAGE "strace"
| #define VERSION "4.11"
| #define STDC_HEADERS 1
| #define HAVE_SYS_TYPES_H 1
| #define HAVE_SYS_STAT_H 1
| #define HAVE_STDLIB_H 1
| #define HAVE_STRING_H 1
| #define HAVE_MEMORY_H 1
| #define HAVE_STRINGS_H 1
| #define HAVE_INTTYPES_H 1
| #define HAVE_STDINT_H 1
| #define HAVE_UNISTD_H 1
| #define __EXTENSIONS__ 1
| #define _ALL_SOURCE 1
| #define _GNU_SOURCE 1
| #define _POSIX_PTHREAD_SEMANTICS 1
| #define _TANDEM_SOURCE 1
| #define X86_64 1
| #define ENABLE_ARM_OABI 0
| /* end confdefs.h.  */
| #include <sys/types.h>
| 		#include <sys/param.h>
| 
| int
| main ()
| {
| #if BYTE_ORDER != BIG_ENDIAN
| 		 not big endian
| 		#endif
| 
|   ;
|   return 0;
| }
configure:6713: result: no
configure:6731: checking for ANSI C header files
configure:6835: result: yes
configure:6843: checking for stdbool.h that conforms to C99
configure:6910: gcc -c -g -O2  conftest.c >&5
configure:6910: $? = 0
configure:6917: result: yes
configure:6919: checking for _Bool
configure:6919: gcc -c -g -O2  conftest.c >&5
configure:6919: $? = 0
configure:6919: gcc -c -g -O2  conftest.c >&5
conftest.c: In function 'main':
conftest.c:65:20: error: expected expression before ')' token
 if (sizeof ((_Bool)))
                    ^
configure:6919: $? = 1
configure: failed program was:
| /* confdefs.h */
| #define PACKAGE_NAME "strace"
| #define PACKAGE_TARNAME "strace"
| #define PACKAGE_VERSION "4.11"
| #define PACKAGE_STRING "strace 4.11"
| #define PACKAGE_BUGREPORT "strace-devel@lists.sourceforge.net"
| #define PACKAGE_URL ""
| #define PACKAGE "strace"
| #define VERSION "4.11"
| #define STDC_HEADERS 1
| #define HAVE_SYS_TYPES_H 1
| #define HAVE_SYS_STAT_H 1
| #define HAVE_STDLIB_H 1
| #define HAVE_STRING_H 1
| #define HAVE_MEMORY_H 1
| #define HAVE_STRINGS_H 1
| #define HAVE_INTTYPES_H 1
| #define HAVE_STDINT_H 1
| #define HAVE_UNISTD_H 1
| #define __EXTENSIONS__ 1
| #define _ALL_SOURCE 1
| #define _GNU_SOURCE 1
| #define _POSIX_PTHREAD_SEMANTICS 1
| #define _TANDEM_SOURCE 1
| #define X86_64 1
| #define ENABLE_ARM_OABI 0
| #define STDC_HEADERS 1
| /* end confdefs.h.  */
| #include <stdio.h>
| #ifdef HAVE_SYS_TYPES_H
| # include <sys/types.h>
| #endif
| #ifdef HAVE_SYS_STAT_H
| # include <sys/stat.h>
| #endif
| #ifdef STDC_HEADERS
| # include <stdlib.h>
| # include <stddef.h>
| #else
| # ifdef HAVE_STDLIB_H
| #  include <stdlib.h>
| # endif
| #endif
| #ifdef HAVE_STRING_H
| # if !defined STDC_HEADERS && defined HAVE_MEMORY_H
| #  include <memory.h>
| # endif
| # include <string.h>
| #endif
| #ifdef HAVE_STRINGS_H
| # include <strings.h>
| #endif
| #ifdef HAVE_INTTYPES_H
| # include <inttypes.h>
| #endif
| #ifdef HAVE_STDINT_H
| # include <stdint.h>
| #endif
| #ifdef HAVE_UNISTD_H
| # include <unistd.h>
| #endif
| int
| main ()
| {
| if (sizeof ((_Bool)))
| 	    return 0;
|   ;
|   return 0;
| }
configure:6919: result: yes
configure:6939: checking for dirent.h that defines DIR
configure:6958: gcc -c -g -O2  conftest.c >&5
configure:6958: $? = 0
configure:6966: result: yes
configure:6979: checking for library containing opendir
configure:7010: gcc -o conftest -g -O2   conftest.c  >&5
configure:7010: $? = 0
configure:7027: result: none required
configure:7094: checking whether stat file-mode macros are broken
configure:7121: gcc -c -g -O2  conftest.c >&5
configure:7121: $? = 0
configure:7128: result: no
configure:7136: checking for struct stat.st_atim.tv_nsec
configure:7136: gcc -c -g -O2  conftest.c >&5
configure:7136: $? = 0
configure:7136: result: yes
configure:7145: checking for struct stat.st_blksize
configure:7145: gcc -c -g -O2  conftest.c >&5
configure:7145: $? = 0
configure:7145: result: yes
configure:7154: checking for struct stat.st_blocks
configure:7154: gcc -c -g -O2  conftest.c >&5
configure:7154: $? = 0
configure:7154: result: yes
configure:7163: checking for struct stat.st_ctim.tv_nsec
configure:7163: gcc -c -g -O2  conftest.c >&5
configure:7163: $? = 0
configure:7163: result: yes
configure:7172: checking for struct stat.st_flags
configure:7172: gcc -c -g -O2  conftest.c >&5
conftest.c: In function 'main':
conftest.c:73:12: error: 'struct stat' has no member named 'st_flags'
 if (ac_aggr.st_flags)
            ^
configure:7172: $? = 1
configure: failed program was:
| /* confdefs.h */
| #define PACKAGE_NAME "strace"
| #define PACKAGE_TARNAME "strace"
| #define PACKAGE_VERSION "4.11"
| #define PACKAGE_STRING "strace 4.11"
| #define PACKAGE_BUGREPORT "strace-devel@lists.sourceforge.net"
| #define PACKAGE_URL ""
| #define PACKAGE "strace"
| #define VERSION "4.11"
| #define STDC_HEADERS 1
| #define HAVE_SYS_TYPES_H 1
| #define HAVE_SYS_STAT_H 1
| #define HAVE_STDLIB_H 1
| #define HAVE_STRING_H 1
| #define HAVE_MEMORY_H 1
| #define HAVE_STRINGS_H 1
| #define HAVE_INTTYPES_H 1
| #define HAVE_STDINT_H 1
| #define HAVE_UNISTD_H 1
| #define __EXTENSIONS__ 1
| #define _ALL_SOURCE 1
| #define _GNU_SOURCE 1
| #define _POSIX_PTHREAD_SEMANTICS 1
| #define _TANDEM_SOURCE 1
| #define X86_64 1
| #define ENABLE_ARM_OABI 0
| #define STDC_HEADERS 1
| #define HAVE__BOOL 1
| #define HAVE_STDBOOL_H 1
| #define HAVE_DIRENT_H 1
| #define HAVE_STRUCT_STAT_ST_ATIM_TV_NSEC 1
| #define HAVE_STRUCT_STAT_ST_BLKSIZE 1
| #define HAVE_STRUCT_STAT_ST_BLOCKS 1
| #define HAVE_STRUCT_STAT_ST_CTIM_TV_NSEC 1
| /* end confdefs.h.  */
| #include <stdio.h>
| #ifdef HAVE_SYS_TYPES_H
| # include <sys/types.h>
| #endif
| #ifdef HAVE_SYS_STAT_H
| # include <sys/stat.h>
| #endif
| #ifdef STDC_HEADERS
| # include <stdlib.h>
| # include <stddef.h>
| #else
| # ifdef HAVE_STDLIB_H
| #  include <stdlib.h>
| # endif
| #endif
| #ifdef HAVE_STRING_H
| # if !defined STDC_HEADERS && defined HAVE_MEMORY_H
| #  include <memory.h>
| # endif
| # include <string.h>
| #endif
| #ifdef HAVE_STRINGS_H
| # include <strings.h>
| #endif
| #ifdef HAVE_INTTYPES_H
| # include <inttypes.h>
| #endif
| #ifdef HAVE_STDINT_H
| # include <stdint.h>
| #endif
| #ifdef HAVE_UNISTD_H
| # include <unistd.h>
| #endif
| int
| main ()
| {
| static struct stat ac_aggr;
| if (ac_aggr.st_flags)
| return 0;
|   ;
|   return 0;
| }
configure:7172: gcc -c -g -O2  conftest.c >&5
conftest.c: In function 'main':
conftest.c:73:19: error: 'struct stat' has no member named 'st_flags'
 if (sizeof ac_aggr.st_flags)
                   ^
configure:7172: $? = 1
configure: failed program was:
| /* confdefs.h */
| #define PACKAGE_NAME "strace"
| #define PACKAGE_TARNAME "strace"
| #define PACKAGE_VERSION "4.11"
| #define PACKAGE_STRING "strace 4.11"
| #define PACKAGE_BUGREPORT "strace-devel@lists.sourceforge.net"
| #define PACKAGE_URL ""
| #define PACKAGE "strace"
| #define VERSION "4.11"
| #define STDC_HEADERS 1
| #define HAVE_SYS_TYPES_H 1
| #define HAVE_SYS_STAT_H 1
| #define HAVE_STDLIB_H 1
| #define HAVE_STRING_H 1
| #define HAVE_MEMORY_H 1
| #define HAVE_STRINGS_H 1
| #define HAVE_INTTYPES_H 1
| #define HAVE_STDINT_H 1
| #define HAVE_UNISTD_H 1
| #define __EXTENSIONS__ 1
| #define _ALL_SOURCE 1
| #define _GNU_SOURCE 1
| #define _POSIX_PTHREAD_SEMANTICS 1
| #define _TANDEM_SOURCE 1
| #define X86_64 1
| #define ENABLE_ARM_OABI 0
| #define STDC_HEADERS 1
| #define HAVE__BOOL 1
| #define HAVE_STDBOOL_H 1
| #define HAVE_DIRENT_H 1
| #define HAVE_STRUCT_STAT_ST_ATIM_TV_NSEC 1
| #define HAVE_STRUCT_STAT_ST_BLKSIZE 1
| #define HAVE_STRUCT_STAT_ST_BLOCKS 1
| #define HAVE_STRUCT_STAT_ST_CTIM_TV_NSEC 1
| /* end confdefs.h.  */
| #include <stdio.h>
| #ifdef HAVE_SYS_TYPES_H
| # include <sys/types.h>
| #endif
| #ifdef HAVE_SYS_STAT_H
| # include <sys/stat.h>
| #endif
| #ifdef STDC_HEADERS
| # include <stdlib.h>
| # include <stddef.h>
| #else
| # ifdef HAVE_STDLIB_H
| #  include <stdlib.h>
| # endif
| #endif
| #ifdef HAVE_STRING_H
| # if !defined STDC_HEADERS && defined HAVE_MEMORY_H
| #  include <memory.h>
| # endif
| # include <string.h>
| #endif
| #ifdef HAVE_STRINGS_H
| # include <strings.h>
| #endif
| #ifdef HAVE_INTTYPES_H
| # include <inttypes.h>
| #endif
| #ifdef HAVE_STDINT_H
| # include <stdint.h>
| #endif
| #ifdef HAVE_UNISTD_H
| # include <unistd.h>
| #endif
| int
| main ()
| {
| static struct stat ac_aggr;
| if (sizeof ac_aggr.st_flags)
| return 0;
|   ;
|   return 0;
| }
configure:7172: result: no
configure:7181: checking for struct stat.st_fstype
configure:7181: gcc -c -g -O2  conftest.c >&5
conftest.c: In function 'main':
conftest.c:73:12: error: 'struct stat' has no member named 'st_fstype'
 if (ac_aggr.st_fstype)
            ^
configure:7181: $? = 1
configure: failed program was:
| /* confdefs.h */
| #define PACKAGE_NAME "strace"
| #define PACKAGE_TARNAME "strace"
| #define PACKAGE_VERSION "4.11"
| #define PACKAGE_STRING "strace 4.11"
| #define PACKAGE_BUGREPORT "strace-devel@lists.sourceforge.net"
| #define PACKAGE_URL ""
| #define PACKAGE "strace"
| #define VERSION "4.11"
| #define STDC_HEADERS 1
| #define HAVE_SYS_TYPES_H 1
| #define HAVE_SYS_STAT_H 1
| #define HAVE_STDLIB_H 1
| #define HAVE_STRING_H 1
| #define HAVE_MEMORY_H 1
| #define HAVE_STRINGS_H 1
| #define HAVE_INTTYPES_H 1
| #define HAVE_STDINT_H 1
| #define HAVE_UNISTD_H 1
| #define __EXTENSIONS__ 1
| #define _ALL_SOURCE 1
| #define _GNU_SOURCE 1
| #define _POSIX_PTHREAD_SEMANTICS 1
| #define _TANDEM_SOURCE 1
| #define X86_64 1
| #define ENABLE_ARM_OABI 0
| #define STDC_HEADERS 1
| #define HAVE__BOOL 1
| #define HAVE_STDBOOL_H 1
| #define HAVE_DIRENT_H 1
| #define HAVE_STRUCT_STAT_ST_ATIM_TV_NSEC 1
| #define HAVE_STRUCT_STAT_ST_BLKSIZE 1
| #define HAVE_STRUCT_STAT_ST_BLOCKS 1
| #define HAVE_STRUCT_STAT_ST_CTIM_TV_NSEC 1
| /* end confdefs.h.  */
| #include <stdio.h>
| #ifdef HAVE_SYS_TYPES_H
| # include <sys/types.h>
| #endif
| #ifdef HAVE_SYS_STAT_H
| # include <sys/stat.h>
| #endif
| #ifdef STDC_HEADERS
| # include <stdlib.h>
| # include <stddef.h>
| #else
| # ifdef HAVE_STDLIB_H
| #  include <stdlib.h>
| # endif
| #endif
| #ifdef HAVE_STRING_H
| # if !defined STDC_HEADERS && defined HAVE_MEMORY_H
| #  include <memory.h>
| # endif
| # include <string.h>
| #endif
| #ifdef HAVE_STRINGS_H
| # include <strings.h>
| #endif
| #ifdef HAVE_INTTYPES_H
| # include <inttypes.h>
| #endif
| #ifdef HAVE_STDINT_H
| # include <stdint.h>
| #endif
| #ifdef HAVE_UNISTD_H
| # include <unistd.h>
| #endif
| int
| main ()
| {
| static struct stat ac_aggr;
| if (ac_aggr.st_fstype)
| return 0;
|   ;
|   return 0;
| }
configure:7181: gcc -c -g -O2  conftest.c >&5
conftest.c: In function 'main':
conftest.c:73:19: error: 'struct stat' has no member named 'st_fstype'
 if (sizeof ac_aggr.st_fstype)
                   ^
configure:7181: $? = 1
configure: failed program was:
| /* confdefs.h */
| #define PACKAGE_NAME "strace"
| #define PACKAGE_TARNAME "strace"
| #define PACKAGE_VERSION "4.11"
| #define PACKAGE_STRING "strace 4.11"
| #define PACKAGE_BUGREPORT "strace-devel@lists.sourceforge.net"
| #define PACKAGE_URL ""
| #define PACKAGE "strace"
| #define VERSION "4.11"
| #define STDC_HEADERS 1
| #define HAVE_SYS_TYPES_H 1
| #define HAVE_SYS_STAT_H 1
| #define HAVE_STDLIB_H 1
| #define HAVE_STRING_H 1
| #define HAVE_MEMORY_H 1
| #define HAVE_STRINGS_H 1
| #define HAVE_INTTYPES_H 1
| #define HAVE_STDINT_H 1
| #define HAVE_UNISTD_H 1
| #define __EXTENSIONS__ 1
| #define _ALL_SOURCE 1
| #define _GNU_SOURCE 1
| #define _POSIX_PTHREAD_SEMANTICS 1
| #define _TANDEM_SOURCE 1
| #define X86_64 1
| #define ENABLE_ARM_OABI 0
| #define STDC_HEADERS 1
| #define HAVE__BOOL 1
| #define HAVE_STDBOOL_H 1
| #define HAVE_DIRENT_H 1
| #define HAVE_STRUCT_STAT_ST_ATIM_TV_NSEC 1
| #define HAVE_STRUCT_STAT_ST_BLKSIZE 1
| #define HAVE_STRUCT_STAT_ST_BLOCKS 1
| #define HAVE_STRUCT_STAT_ST_CTIM_TV_NSEC 1
| /* end confdefs.h.  */
| #include <stdio.h>
| #ifdef HAVE_SYS_TYPES_H
| # include <sys/types.h>
| #endif
| #ifdef HAVE_SYS_STAT_H
| # include <sys/stat.h>
| #endif
| #ifdef STDC_HEADERS
| # include <stdlib.h>
| # include <stddef.h>
| #else
| # ifdef HAVE_STDLIB_H
| #  include <stdlib.h>
| # endif
| #endif
| #ifdef HAVE_STRING_H
| # if !defined STDC_HEADERS && defined HAVE_MEMORY_H
| #  include <memory.h>
| # endif
| # include <string.h>
| #endif
| #ifdef HAVE_STRINGS_H
| # include <strings.h>
| #endif
| #ifdef HAVE_INTTYPES_H
| # include <inttypes.h>
| #endif
| #ifdef HAVE_STDINT_H
| # include <stdint.h>
| #endif
| #ifdef HAVE_UNISTD_H
| # include <unistd.h>
| #endif
| int
| main ()
| {
| static struct stat ac_aggr;
| if (sizeof ac_aggr.st_fstype)
| return 0;
|   ;
|   return 0;
| }
configure:7181: result: no
configure:7190: checking for struct stat.st_gen
configure:7190: gcc -c -g -O2  conftest.c >&5
conftest.c: In function 'main':
conftest.c:73:12: error: 'struct stat' has no member named 'st_gen'
 if (ac_aggr.st_gen)
            ^
configure:7190: $? = 1
configure: failed program was:
| /* confdefs.h */
| #define PACKAGE_NAME "strace"
| #define PACKAGE_TARNAME "strace"
| #define PACKAGE_VERSION "4.11"
| #define PACKAGE_STRING "strace 4.11"
| #define PACKAGE_BUGREPORT "strace-devel@lists.sourceforge.net"
| #define PACKAGE_URL ""
| #define PACKAGE "strace"
| #define VERSION "4.11"
| #define STDC_HEADERS 1
| #define HAVE_SYS_TYPES_H 1
| #define HAVE_SYS_STAT_H 1
| #define HAVE_STDLIB_H 1
| #define HAVE_STRING_H 1
| #define HAVE_MEMORY_H 1
| #define HAVE_STRINGS_H 1
| #define HAVE_INTTYPES_H 1
| #define HAVE_STDINT_H 1
| #define HAVE_UNISTD_H 1
| #define __EXTENSIONS__ 1
| #define _ALL_SOURCE 1
| #define _GNU_SOURCE 1
| #define _POSIX_PTHREAD_SEMANTICS 1
| #define _TANDEM_SOURCE 1
| #define X86_64 1
| #define ENABLE_ARM_OABI 0
| #define STDC_HEADERS 1
| #define HAVE__BOOL 1
| #define HAVE_STDBOOL_H 1
| #define HAVE_DIRENT_H 1
| #define HAVE_STRUCT_STAT_ST_ATIM_TV_NSEC 1
| #define HAVE_STRUCT_STAT_ST_BLKSIZE 1
| #define HAVE_STRUCT_STAT_ST_BLOCKS 1
| #define HAVE_STRUCT_STAT_ST_CTIM_TV_NSEC 1
| /* end confdefs.h.  */
| #include <stdio.h>
| #ifdef HAVE_SYS_TYPES_H
| # include <sys/types.h>
| #endif
| #ifdef HAVE_SYS_STAT_H
| # include <sys/stat.h>
| #endif
| #ifdef STDC_HEADERS
| # include <stdlib.h>
| # include <stddef.h>
| #else
| # ifdef HAVE_STDLIB_H
| #  include <stdlib.h>
| # endif
| #endif
| #ifdef HAVE_STRING_H
| # if !defined STDC_HEADERS && defined HAVE_MEMORY_H
| #  include <memory.h>
| # endif
| # include <string.h>
| #endif
| #ifdef HAVE_STRINGS_H
| # include <strings.h>
| #endif
| #ifdef HAVE_INTTYPES_H
| # include <inttypes.h>
| #endif
| #ifdef HAVE_STDINT_H
| # include <stdint.h>
| #endif
| #ifdef HAVE_UNISTD_H
| # include <unistd.h>
| #endif
| int
| main ()
| {
| static struct stat ac_aggr;
| if (ac_aggr.st_gen)
| return 0;
|   ;
|   return 0;
| }
configure:7190: gcc -c -g -O2  conftest.c >&5
conftest.c: In function 'main':
conftest.c:73:19: error: 'struct stat' has no member named 'st_gen'
 if (sizeof ac_aggr.st_gen)
                   ^
configure:7190: $? = 1
configure: failed program was:
| /* confdefs.h */
| #define PACKAGE_NAME "strace"
| #define PACKAGE_TARNAME "strace"
| #define PACKAGE_VERSION "4.11"
| #define PACKAGE_STRING "strace 4.11"
| #define PACKAGE_BUGREPORT "strace-devel@lists.sourceforge.net"
| #define PACKAGE_URL ""
| #define PACKAGE "strace"
| #define VERSION "4.11"
| #define STDC_HEADERS 1
| #define HAVE_SYS_TYPES_H 1
| #define HAVE_SYS_STAT_H 1
| #define HAVE_STDLIB_H 1
| #define HAVE_STRING_H 1
| #define HAVE_MEMORY_H 1
| #define HAVE_STRINGS_H 1
| #define HAVE_INTTYPES_H 1
| #define HAVE_STDINT_H 1
| #define HAVE_UNISTD_H 1
| #define __EXTENSIONS__ 1
| #define _ALL_SOURCE 1
| #define _GNU_SOURCE 1
| #define _POSIX_PTHREAD_SEMANTICS 1
| #define _TANDEM_SOURCE 1
| #define X86_64 1
| #define ENABLE_ARM_OABI 0
| #define STDC_HEADERS 1
| #define HAVE__BOOL 1
| #define HAVE_STDBOOL_H 1
| #define HAVE_DIRENT_H 1
| #define HAVE_STRUCT_STAT_ST_ATIM_TV_NSEC 1
| #define HAVE_STRUCT_STAT_ST_BLKSIZE 1
| #define HAVE_STRUCT_STAT_ST_BLOCKS 1
| #define HAVE_STRUCT_STAT_ST_CTIM_TV_NSEC 1
| /* end confdefs.h.  */
| #include <stdio.h>
| #ifdef HAVE_SYS_TYPES_H
| # include <sys/types.h>
| #endif
| #ifdef HAVE_SYS_STAT_H
| # include <sys/stat.h>
| #endif
| #ifdef STDC_HEADERS
| # include <stdlib.h>
| # include <stddef.h>
| #else
| # ifdef HAVE_STDLIB_H
| #  include <stdlib.h>
| # endif
| #endif
| #ifdef HAVE_STRING_H
| # if !defined STDC_HEADERS && defined HAVE_MEMORY_H
| #  include <memory.h>
| # endif
| # include <string.h>
| #endif
| #ifdef HAVE_STRINGS_H
| # include <strings.h>
| #endif
| #ifdef HAVE_INTTYPES_H
| # include <inttypes.h>
| #endif
| #ifdef HAVE_STDINT_H
| # include <stdint.h>
| #endif
| #ifdef HAVE_UNISTD_H
| # include <unistd.h>
| #endif
| int
| main ()
| {
| static struct stat ac_aggr;
| if (sizeof ac_aggr.st_gen)
| return 0;
|   ;
|   return 0;
| }
configure:7190: result: no
configure:7199: checking for struct stat.st_mtim.tv_nsec
configure:7199: gcc -c -g -O2  conftest.c >&5
configure:7199: $? = 0
configure:7199: result: yes
configure:7208: checking for struct stat.st_rdev
configure:7208: gcc -c -g -O2  conftest.c >&5
configure:7208: $? = 0
configure:7208: result: yes
configure:7219: checking return type of signal handlers
configure:7237: gcc -c -g -O2  conftest.c >&5
conftest.c: In function 'main':
conftest.c:44:1: error: void value not ignored as it ought to be
 return *(signal (0, 0)) (0) == 1;
 ^
configure:7237: $? = 1
configure: failed program was:
| /* confdefs.h */
| #define PACKAGE_NAME "strace"
| #define PACKAGE_TARNAME "strace"
| #define PACKAGE_VERSION "4.11"
| #define PACKAGE_STRING "strace 4.11"
| #define PACKAGE_BUGREPORT "strace-devel@lists.sourceforge.net"
| #define PACKAGE_URL ""
| #define PACKAGE "strace"
| #define VERSION "4.11"
| #define STDC_HEADERS 1
| #define HAVE_SYS_TYPES_H 1
| #define HAVE_SYS_STAT_H 1
| #define HAVE_STDLIB_H 1
| #define HAVE_STRING_H 1
| #define HAVE_MEMORY_H 1
| #define HAVE_STRINGS_H 1
| #define HAVE_INTTYPES_H 1
| #define HAVE_STDINT_H 1
| #define HAVE_UNISTD_H 1
| #define __EXTENSIONS__ 1
| #define _ALL_SOURCE 1
| #define _GNU_SOURCE 1
| #define _POSIX_PTHREAD_SEMANTICS 1
| #define _TANDEM_SOURCE 1
| #define X86_64 1
| #define ENABLE_ARM_OABI 0
| #define STDC_HEADERS 1
| #define HAVE__BOOL 1
| #define HAVE_STDBOOL_H 1
| #define HAVE_DIRENT_H 1
| #define HAVE_STRUCT_STAT_ST_ATIM_TV_NSEC 1
| #define HAVE_STRUCT_STAT_ST_BLKSIZE 1
| #define HAVE_STRUCT_STAT_ST_BLOCKS 1
| #define HAVE_STRUCT_STAT_ST_CTIM_TV_NSEC 1
| #define HAVE_STRUCT_STAT_ST_MTIM_TV_NSEC 1
| #define HAVE_STRUCT_STAT_ST_RDEV 1
| /* end confdefs.h.  */
| #include <sys/types.h>
| #include <signal.h>
| 
| int
| main ()
| {
| return *(signal (0, 0)) (0) == 1;
|   ;
|   return 0;
| }
configure:7244: result: void
configure:7252: checking for uid_t in sys/types.h
configure:7271: result: yes
configure:7282: checking for mode_t
configure:7282: gcc -c -g -O2  conftest.c >&5
configure:7282: $? = 0
configure:7282: gcc -c -g -O2  conftest.c >&5
conftest.c: In function 'main':
conftest.c:75:21: error: expected expression before ')' token
 if (sizeof ((mode_t)))
                     ^
configure:7282: $? = 1
configure: failed program was:
| /* confdefs.h */
| #define PACKAGE_NAME "strace"
| #define PACKAGE_TARNAME "strace"
| #define PACKAGE_VERSION "4.11"
| #define PACKAGE_STRING "strace 4.11"
| #define PACKAGE_BUGREPORT "strace-devel@lists.sourceforge.net"
| #define PACKAGE_URL ""
| #define PACKAGE "strace"
| #define VERSION "4.11"
| #define STDC_HEADERS 1
| #define HAVE_SYS_TYPES_H 1
| #define HAVE_SYS_STAT_H 1
| #define HAVE_STDLIB_H 1
| #define HAVE_STRING_H 1
| #define HAVE_MEMORY_H 1
| #define HAVE_STRINGS_H 1
| #define HAVE_INTTYPES_H 1
| #define HAVE_STDINT_H 1
| #define HAVE_UNISTD_H 1
| #define __EXTENSIONS__ 1
| #define _ALL_SOURCE 1
| #define _GNU_SOURCE 1
| #define _POSIX_PTHREAD_SEMANTICS 1
| #define _TANDEM_SOURCE 1
| #define X86_64 1
| #define ENABLE_ARM_OABI 0
| #define STDC_HEADERS 1
| #define HAVE__BOOL 1
| #define HAVE_STDBOOL_H 1
| #define HAVE_DIRENT_H 1
| #define HAVE_STRUCT_STAT_ST_ATIM_TV_NSEC 1
| #define HAVE_STRUCT_STAT_ST_BLKSIZE 1
| #define HAVE_STRUCT_STAT_ST_BLOCKS 1
| #define HAVE_STRUCT_STAT_ST_CTIM_TV_NSEC 1
| #define HAVE_STRUCT_STAT_ST_MTIM_TV_NSEC 1
| #define HAVE_STRUCT_STAT_ST_RDEV 1
| #define RETSIGTYPE void
| /* end confdefs.h.  */
| #include <stdio.h>
| #ifdef HAVE_SYS_TYPES_H
| # include <sys/types.h>
| #endif
| #ifdef HAVE_SYS_STAT_H
| # include <sys/stat.h>
| #endif
| #ifdef STDC_HEADERS
| # include <stdlib.h>
| # include <stddef.h>
| #else
| # ifdef HAVE_STDLIB_H
| #  include <stdlib.h>
| # endif
| #endif
| #ifdef HAVE_STRING_H
| # if !defined STDC_HEADERS && defined HAVE_MEMORY_H
| #  include <memory.h>
| # endif
| # include <string.h>
| #endif
| #ifdef HAVE_STRINGS_H
| # include <strings.h>
| #endif
| #ifdef HAVE_INTTYPES_H
| # include <inttypes.h>
| #endif
| #ifdef HAVE_STDINT_H
| # include <stdint.h>
| #endif
| #ifdef HAVE_UNISTD_H
| # include <unistd.h>
| #endif
| int
| main ()
| {
| if (sizeof ((mode_t)))
| 	    return 0;
|   ;
|   return 0;
| }
configure:7282: result: yes
configure:7293: checking type of array argument to getgroups
configure:7327: gcc -o conftest -g -O2   conftest.c  >&5
configure:7327: $? = 0
configure:7327: ./conftest
configure:7327: $? = 0
configure:7352: result: gid_t
configure:7360: checking whether sys/types.h defines makedev
configure:7376: gcc -o conftest -g -O2   conftest.c  >&5
configure:7376: $? = 0
configure:7385: result: yes
configure:7410: checking for sig_atomic_t
configure:7410: gcc -c -g -O2  conftest.c >&5
configure:7410: $? = 0
configure:7410: gcc -c -g -O2  conftest.c >&5
conftest.c: In function 'main':
conftest.c:45:27: error: expected expression before ')' token
 if (sizeof ((sig_atomic_t)))
                           ^
configure:7410: $? = 1
configure: failed program was:
| /* confdefs.h */
| #define PACKAGE_NAME "strace"
| #define PACKAGE_TARNAME "strace"
| #define PACKAGE_VERSION "4.11"
| #define PACKAGE_STRING "strace 4.11"
| #define PACKAGE_BUGREPORT "strace-devel@lists.sourceforge.net"
| #define PACKAGE_URL ""
| #define PACKAGE "strace"
| #define VERSION "4.11"
| #define STDC_HEADERS 1
| #define HAVE_SYS_TYPES_H 1
| #define HAVE_SYS_STAT_H 1
| #define HAVE_STDLIB_H 1
| #define HAVE_STRING_H 1
| #define HAVE_MEMORY_H 1
| #define HAVE_STRINGS_H 1
| #define HAVE_INTTYPES_H 1
| #define HAVE_STDINT_H 1
| #define HAVE_UNISTD_H 1
| #define __EXTENSIONS__ 1
| #define _ALL_SOURCE 1
| #define _GNU_SOURCE 1
| #define _POSIX_PTHREAD_SEMANTICS 1
| #define _TANDEM_SOURCE 1
| #define X86_64 1
| #define ENABLE_ARM_OABI 0
| #define STDC_HEADERS 1
| #define HAVE__BOOL 1
| #define HAVE_STDBOOL_H 1
| #define HAVE_DIRENT_H 1
| #define HAVE_STRUCT_STAT_ST_ATIM_TV_NSEC 1
| #define HAVE_STRUCT_STAT_ST_BLKSIZE 1
| #define HAVE_STRUCT_STAT_ST_BLOCKS 1
| #define HAVE_STRUCT_STAT_ST_CTIM_TV_NSEC 1
| #define HAVE_STRUCT_STAT_ST_MTIM_TV_NSEC 1
| #define HAVE_STRUCT_STAT_ST_RDEV 1
| #define RETSIGTYPE void
| #define GETGROUPS_T gid_t
| /* end confdefs.h.  */
| #include <signal.h>
| 
| int
| main ()
| {
| if (sizeof ((sig_atomic_t)))
| 	    return 0;
|   ;
|   return 0;
| }
configure:7410: result: yes
configure:7421: checking for struct sockaddr_in6.sin6_scope_id
configure:7421: gcc -c -g -O2  conftest.c >&5
configure:7421: $? = 0
configure:7421: result: yes
configure:7438: checking for fanotify_mark
configure:7438: gcc -o conftest -g -O2   conftest.c  >&5
configure:7438: $? = 0
configure:7438: result: yes
configure:7438: checking for fopen64
configure:7438: gcc -o conftest -g -O2   conftest.c  >&5
configure:7438: $? = 0
configure:7438: result: yes
configure:7438: checking for fork
configure:7438: gcc -o conftest -g -O2   conftest.c  >&5
conftest.c:70:6: warning: conflicting types for built-in function 'fork' [enabled by default]
 char fork ();
      ^
configure:7438: $? = 0
configure:7438: result: yes
configure:7438: checking for fputs_unlocked
configure:7438: gcc -o conftest -g -O2   conftest.c  >&5
conftest.c:71:6: warning: conflicting types for built-in function 'fputs_unlocked' [enabled by default]
 char fputs_unlocked ();
      ^
configure:7438: $? = 0
configure:7438: result: yes
configure:7438: checking for fstatat
configure:7438: gcc -o conftest -g -O2   conftest.c  >&5
configure:7438: $? = 0
configure:7438: result: yes
configure:7438: checking for ftruncate
configure:7438: gcc -o conftest -g -O2   conftest.c  >&5

## ---------------- ##
## Cache variables. ##
## ---------------- ##

ac_cv_build=x86_64-pc-linux-gnu
ac_cv_build_prog_CPP='gcc -E'
ac_cv_build_prog_cc_g=yes
ac_cv_c_bigendian=no
ac_cv_c_compiler_gnu=yes
ac_cv_c_const=yes
ac_cv_env_CC_set=
ac_cv_env_CC_value=
ac_cv_env_CFLAGS_set=
ac_cv_env_CFLAGS_value=
ac_cv_env_CPPFLAGS_set=
ac_cv_env_CPPFLAGS_value=
ac_cv_env_CPP_set=
ac_cv_env_CPP_value=
ac_cv_env_LDFLAGS_set=
ac_cv_env_LDFLAGS_value=
ac_cv_env_LIBS_set=
ac_cv_env_LIBS_value=
ac_cv_env_build_alias_set=
ac_cv_env_build_alias_value=
ac_cv_env_host_alias_set=
ac_cv_env_host_alias_value=
ac_cv_env_target_alias_set=
ac_cv_env_target_alias_value=
ac_cv_func_fanotify_mark=yes
ac_cv_func_fopen64=yes
ac_cv_func_fork=yes
ac_cv_func_fputs_unlocked=yes
ac_cv_func_fstatat=yes
ac_cv_header_dirent_dirent_h=yes
ac_cv_header_inttypes_h=yes
ac_cv_header_memory_h=yes
ac_cv_header_minix_config_h=no
ac_cv_header_stat_broken=no
ac_cv_header_stdbool_h=yes
ac_cv_header_stdc=yes
ac_cv_header_stdint_h=yes
ac_cv_header_stdlib_h=yes
ac_cv_header_string_h=yes
ac_cv_header_strings_h=yes
ac_cv_header_sys_stat_h=yes
ac_cv_header_sys_types_h=yes
ac_cv_header_sys_types_h_makedev=yes
ac_cv_header_unistd_h=yes
ac_cv_host=x86_64-pc-linux-gnu
ac_cv_member_struct_sockaddr_in6_sin6_scope_id=yes
ac_cv_member_struct_stat_st_atim_tv_nsec=yes
ac_cv_member_struct_stat_st_blksize=yes
ac_cv_member_struct_stat_st_blocks=yes
ac_cv_member_struct_stat_st_ctim_tv_nsec=yes
ac_cv_member_struct_stat_st_flags=no
ac_cv_member_struct_stat_st_fstype=no
ac_cv_member_struct_stat_st_gen=no
ac_cv_member_struct_stat_st_mtim_tv_nsec=yes
ac_cv_member_struct_stat_st_rdev=yes
ac_cv_objext=o
ac_cv_path_EGREP='/bin/grep -E'
ac_cv_path_GREP=/bin/grep
ac_cv_path_install='/usr/bin/install -c'
ac_cv_path_mkdir=/bin/mkdir
ac_cv_prog_AWK=gawk
ac_cv_prog_CPP='gcc -E'
ac_cv_prog_ac_ct_CC=gcc
ac_cv_prog_ac_ct_CC_FOR_BUILD=gcc
ac_cv_prog_ac_ct_RANLIB=ranlib
ac_cv_prog_cc_c89=
ac_cv_prog_cc_g=yes
ac_cv_prog_make_make_set=yes
ac_cv_safe_to_define___extensions__=yes
ac_cv_search_opendir='none required'
ac_cv_type__Bool=yes
ac_cv_type_getgroups=gid_t
ac_cv_type_mode_t=yes
ac_cv_type_sig_atomic_t=yes
ac_cv_type_signal=void
ac_cv_type_uid_t=yes
am_cv_CC_dependencies_compiler_type=gcc3
am_cv_make_support_nested_variables=yes
am_cv_prog_cc_c_o=yes
gl_cv_warn_c__Wall=yes
gl_cv_warn_c__Werror__Wunknown_warning_option=no
gl_cv_warn_c__Wsign_compare=yes
gl_cv_warn_c__Wwrite_strings=yes

## ----------------- ##
## Output variables. ##
## ----------------- ##

ACLOCAL='${SHELL} /home/ubuntu/strace/missing aclocal-1.14'
AMDEPBACKSLASH='\'
AMDEP_FALSE='#'
AMDEP_TRUE=''
AMTAR='$${TAR-tar}'
AM_BACKSLASH='\'
AM_DEFAULT_V='$(AM_DEFAULT_VERBOSITY)'
AM_DEFAULT_VERBOSITY='1'
AM_V='$(V)'
AUTOCONF='${SHELL} /home/ubuntu/strace/missing autoconf'
AUTOHEADER='${SHELL} /home/ubuntu/strace/missing autoheader'
AUTOMAKE='${SHELL} /home/ubuntu/strace/missing automake-1.14'
AWK='gawk'
BUILD_EXEEXT=''
BUILD_OBJEXT=''
CC='gcc'
CCDEPMODE='depmode=gcc3'
CC_FOR_BUILD='gcc'
CFLAGS='-g -O2'
CFLAGS_FOR_BUILD='-g -O2'
CPP='gcc -E'
CPPFLAGS=''
CPPFLAGS_FOR_BUILD=''
CPP_FOR_BUILD='gcc -E'
CYGPATH_W='echo'
DEFS=''
DEPDIR='.deps'
ECHO_C=''
ECHO_N='-n'
ECHO_T=''
EGREP='/bin/grep -E'
EXEEXT=''
GREP='/bin/grep'
HAVE_M32_MPERS_FALSE=''
HAVE_M32_MPERS_TRUE=''
HAVE_M32_RUNTIME_FALSE=''
HAVE_M32_RUNTIME_TRUE=''
HAVE_MX32_MPERS_FALSE=''
HAVE_MX32_MPERS_TRUE=''
HAVE_MX32_RUNTIME_FALSE=''
HAVE_MX32_RUNTIME_TRUE=''
INSTALL_DATA='${INSTALL} -m 644'
INSTALL_PROGRAM='${INSTALL}'
INSTALL_SCRIPT='${INSTALL}'
INSTALL_STRIP_PROGRAM='$(install_sh) -c -s'
LDFLAGS=''
LDFLAGS_FOR_BUILD=''
LIBOBJS=''
LIBS=''
LTLIBOBJS=''
MAINT='#'
MAINTAINER_MODE_FALSE=''
MAINTAINER_MODE_TRUE='#'
MAKEINFO='${SHELL} /home/ubuntu/strace/missing makeinfo'
MKDIR_P='/bin/mkdir -p'
OBJEXT='o'
PACKAGE='strace'
PACKAGE_BUGREPORT='strace-devel@lists.sourceforge.net'
PACKAGE_NAME='strace'
PACKAGE_STRING='strace 4.11'
PACKAGE_TARNAME='strace'
PACKAGE_URL=''
PACKAGE_VERSION='4.11'
PATH_SEPARATOR=':'
PERL=''
RANLIB='ranlib'
SET_MAKE=''
SHELL='/bin/bash'
STRIP=''
USE_LIBUNWIND_FALSE=''
USE_LIBUNWIND_TRUE=''
VERSION='4.11'
WARN_CFLAGS=' -Wall -Wwrite-strings -Wsign-compare'
ac_ct_CC='gcc'
ac_ct_CC_FOR_BUILD='gcc'
am__EXEEXT_FALSE=''
am__EXEEXT_TRUE=''
am__fastdepCC_FALSE='#'
am__fastdepCC_TRUE=''
am__include='include'
am__isrc=''
am__leading_dot='.'
am__nodep='_no'
am__quote=''
am__tar='$${TAR-tar} chof - "$$tardir"'
am__untar='$${TAR-tar} xf -'
arch='x86_64'
arch_m32='i386'
arch_mx32='x32'
bindir='${exec_prefix}/bin'
build='x86_64-pc-linux-gnu'
build_alias=''
build_cpu='x86_64'
build_os='linux-gnu'
build_vendor='pc'
datadir='${datarootdir}'
datarootdir='${prefix}/share'
dl_LIBS=''
docdir='${datarootdir}/doc/${PACKAGE_TARNAME}'
dvidir='${docdir}'
exec_prefix='NONE'
host='x86_64-pc-linux-gnu'
host_alias=''
host_cpu='x86_64'
host_os='linux-gnu'
host_vendor='pc'
htmldir='${docdir}'
includedir='${prefix}/include'
infodir='${datarootdir}/info'
install_sh='${SHELL} /home/ubuntu/strace/install-sh'
libdir='${exec_prefix}/lib'
libexecdir='${exec_prefix}/libexec'
libunwind_CPPFLAGS=''
libunwind_LDFLAGS=''
libunwind_LIBS=''
localedir='${datarootdir}/locale'
localstatedir='${prefix}/var'
mandir='${datarootdir}/man'
mkdir_p='$(MKDIR_P)'
oldincludedir='/usr/include'
pdfdir='${docdir}'
prefix='NONE'
program_transform_name='s,x,x,'
psdir='${docdir}'
sbindir='${exec_prefix}/sbin'
sharedstatedir='${prefix}/com'
sysconfdir='${prefix}/etc'
target_alias=''

## ----------- ##
## confdefs.h. ##
## ----------- ##

/* confdefs.h */
#define PACKAGE_NAME "strace"
#define PACKAGE_TARNAME "strace"
#define PACKAGE_VERSION "4.11"
#define PACKAGE_STRING "strace 4.11"
#define PACKAGE_BUGREPORT "strace-devel@lists.sourceforge.net"
#define PACKAGE_URL ""
#define PACKAGE "strace"
#define VERSION "4.11"
#define STDC_HEADERS 1
#define HAVE_SYS_TYPES_H 1
#define HAVE_SYS_STAT_H 1
#define HAVE_STDLIB_H 1
#define HAVE_STRING_H 1
#define HAVE_MEMORY_H 1
#define HAVE_STRINGS_H 1
#define HAVE_INTTYPES_H 1
#define HAVE_STDINT_H 1
#define HAVE_UNISTD_H 1
#define __EXTENSIONS__ 1
#define _ALL_SOURCE 1
#define _GNU_SOURCE 1
#define _POSIX_PTHREAD_SEMANTICS 1
#define _TANDEM_SOURCE 1
#define X86_64 1
#define ENABLE_ARM_OABI 0
#define STDC_HEADERS 1
#define HAVE__BOOL 1
#define HAVE_STDBOOL_H 1
#define HAVE_DIRENT_H 1
#define HAVE_STRUCT_STAT_ST_ATIM_TV_NSEC 1
#define HAVE_STRUCT_STAT_ST_BLKSIZE 1
#define HAVE_STRUCT_STAT_ST_BLOCKS 1
#define HAVE_STRUCT_STAT_ST_CTIM_TV_NSEC 1
#define HAVE_STRUCT_STAT_ST_MTIM_TV_NSEC 1
#define HAVE_STRUCT_STAT_ST_RDEV 1
#define RETSIGTYPE void
#define GETGROUPS_T gid_t
#define HAVE_SIG_ATOMIC_T 1
#define HAVE_STRUCT_SOCKADDR_IN6_SIN6_SCOPE_ID 1
#define HAVE_FANOTIFY_MARK 1
#define HAVE_FOPEN64 1
#define HAVE_FORK 1
#define HAVE_FPUTS_UNLOCKED 1
#define HAVE_FSTATAT 1

configure: caught signal 2
configure: exit 1
